{"C:\\Users\\ASUS\\Desktop\\namestereact\\food\\src\\contants.js": {"path":"C:\\Users\\ASUS\\Desktop\\namestereact\\food\\src\\contants.js","statementMap":{"0":{"start":{"line":1,"column":26},"end":{"line":1,"column":117}},"1":{"start":{"line":4,"column":0},"end":{"line":4,"column":163}},"2":{"start":{"line":773,"column":30},"end":{"line":3039,"column":1}}},"fnMap":{},"branchMap":{},"s":{"0":1,"1":1,"2":1},"f":{},"b":{},"_coverageSchema":"1a1c01bbd47fc00a2c39e90264f33305004495a9","hash":"99a7e91204ded20846521aa44ef368b3f06f6275"}
,"C:\\Users\\ASUS\\Desktop\\namestereact\\food\\src\\restaurantcard.js": {"path":"C:\\Users\\ASUS\\Desktop\\namestereact\\food\\src\\restaurantcard.js","statementMap":{"0":{"start":{"line":4,"column":23},"end":{"line":40,"column":5}},"1":{"start":{"line":14,"column":19},"end":{"line":14,"column":110}},"2":{"start":{"line":16,"column":6},"end":{"line":39,"column":8}}},"fnMap":{"0":{"name":"(anonymous_0)","decl":{"start":{"line":4,"column":23},"end":{"line":4,"column":24}},"loc":{"start":{"line":13,"column":10},"end":{"line":40,"column":5}},"line":13}},"branchMap":{},"s":{"0":1,"1":0,"2":0},"f":{"0":0},"b":{},"_coverageSchema":"1a1c01bbd47fc00a2c39e90264f33305004495a9","hash":"981097d8bce121e85d496feaa0cb6bbd0fd9f5ba"}
,"C:\\Users\\ASUS\\Desktop\\namestereact\\food\\src\\components\\Body.js": {"path":"C:\\Users\\ASUS\\Desktop\\namestereact\\food\\src\\components\\Body.js","statementMap":{"0":{"start":{"line":11,"column":13},"end":{"line":103,"column":1}},"1":{"start":{"line":12,"column":45},"end":{"line":12,"column":57}},"2":{"start":{"line":13,"column":54},"end":{"line":13,"column":66}},"3":{"start":{"line":14,"column":36},"end":{"line":14,"column":48}},"4":{"start":{"line":18,"column":2},"end":{"line":21,"column":8}},"5":{"start":{"line":20,"column":4},"end":{"line":20,"column":21}},"6":{"start":{"line":24,"column":17},"end":{"line":26,"column":9}},"7":{"start":{"line":27,"column":17},"end":{"line":27,"column":35}},"8":{"start":{"line":28,"column":6},"end":{"line":28,"column":24}},"9":{"start":{"line":30,"column":6},"end":{"line":30,"column":101}},"10":{"start":{"line":31,"column":6},"end":{"line":31,"column":105}},"11":{"start":{"line":34,"column":4},"end":{"line":34,"column":26}},"12":{"start":{"line":40,"column":20},"end":{"line":40,"column":31}},"13":{"start":{"line":42,"column":4},"end":{"line":44,"column":5}},"14":{"start":{"line":43,"column":6},"end":{"line":43,"column":77}},"15":{"start":{"line":46,"column":4},"end":{"line":102,"column":8}},"16":{"start":{"line":54,"column":14},"end":{"line":54,"column":44}},"17":{"start":{"line":60,"column":26},"end":{"line":60,"column":63}},"18":{"start":{"line":61,"column":14},"end":{"line":61,"column":43}},"19":{"start":{"line":89,"column":10},"end":{"line":98,"column":12}}},"fnMap":{"0":{"name":"(anonymous_0)","decl":{"start":{"line":11,"column":13},"end":{"line":11,"column":14}},"loc":{"start":{"line":11,"column":18},"end":{"line":103,"column":1}},"line":11},"1":{"name":"(anonymous_1)","decl":{"start":{"line":18,"column":12},"end":{"line":18,"column":13}},"loc":{"start":{"line":18,"column":16},"end":{"line":21,"column":3}},"line":18},"2":{"name":"getRestaurants","decl":{"start":{"line":23,"column":19},"end":{"line":23,"column":33}},"loc":{"start":{"line":23,"column":35},"end":{"line":33,"column":5}},"line":23},"3":{"name":"(anonymous_3)","decl":{"start":{"line":53,"column":22},"end":{"line":53,"column":23}},"loc":{"start":{"line":53,"column":27},"end":{"line":54,"column":45}},"line":53},"4":{"name":"(anonymous_4)","decl":{"start":{"line":58,"column":23},"end":{"line":58,"column":24}},"loc":{"start":{"line":58,"column":27},"end":{"line":62,"column":13}},"line":58},"5":{"name":"(anonymous_5)","decl":{"start":{"line":87,"column":34},"end":{"line":87,"column":35}},"loc":{"start":{"line":87,"column":49},"end":{"line":98,"column":13}},"line":87}},"branchMap":{"0":{"loc":{"start":{"line":42,"column":4},"end":{"line":44,"column":5}},"type":"if","locations":[{"start":{"line":42,"column":4},"end":{"line":44,"column":5}},{"start":{},"end":{}}],"line":42},"1":{"loc":{"start":{"line":46,"column":11},"end":{"line":102,"column":7}},"type":"cond-expr","locations":[{"start":{"line":46,"column":42},"end":{"line":46,"column":52}},{"start":{"line":47,"column":8},"end":{"line":101,"column":9}}],"line":46}},"s":{"0":1,"1":2,"2":2,"3":2,"4":2,"5":1,"6":1,"7":1,"8":1,"9":1,"10":1,"11":2,"12":2,"13":2,"14":0,"15":2,"16":0,"17":1,"18":0,"19":0},"f":{"0":2,"1":1,"2":1,"3":0,"4":1,"5":0},"b":{"0":[0,2],"1":[1,1]},"_coverageSchema":"1a1c01bbd47fc00a2c39e90264f33305004495a9","hash":"1bcc8a31f282bebe164b8716d916965d701fd6f1"}
,"C:\\Users\\ASUS\\Desktop\\namestereact\\food\\src\\components\\Header.js": {"path":"C:\\Users\\ASUS\\Desktop\\namestereact\\food\\src\\components\\Header.js","statementMap":{"0":{"start":{"line":10,"column":21},"end":{"line":13,"column":1}},"1":{"start":{"line":12,"column":2},"end":{"line":12,"column":14}},"2":{"start":{"line":14,"column":14},"end":{"line":20,"column":1}},"3":{"start":{"line":15,"column":2},"end":{"line":19,"column":3}},"4":{"start":{"line":22,"column":15},"end":{"line":61,"column":1}},"5":{"start":{"line":23,"column":38},"end":{"line":23,"column":55}},"6":{"start":{"line":24,"column":19},"end":{"line":24,"column":30}},"7":{"start":{"line":30,"column":20},"end":{"line":30,"column":58}},"8":{"start":{"line":30,"column":41},"end":{"line":30,"column":57}},"9":{"start":{"line":31,"column":2},"end":{"line":31,"column":24}},"10":{"start":{"line":32,"column":2},"end":{"line":60,"column":7}}},"fnMap":{"0":{"name":"(anonymous_0)","decl":{"start":{"line":10,"column":21},"end":{"line":10,"column":22}},"loc":{"start":{"line":10,"column":27},"end":{"line":13,"column":1}},"line":10},"1":{"name":"(anonymous_1)","decl":{"start":{"line":14,"column":14},"end":{"line":14,"column":15}},"loc":{"start":{"line":14,"column":20},"end":{"line":20,"column":1}},"line":14},"2":{"name":"(anonymous_2)","decl":{"start":{"line":22,"column":15},"end":{"line":22,"column":16}},"loc":{"start":{"line":22,"column":21},"end":{"line":61,"column":1}},"line":22},"3":{"name":"(anonymous_3)","decl":{"start":{"line":30,"column":32},"end":{"line":30,"column":33}},"loc":{"start":{"line":30,"column":41},"end":{"line":30,"column":57}},"line":30}},"branchMap":{},"s":{"0":1,"1":0,"2":1,"3":2,"4":1,"5":2,"6":2,"7":2,"8":4,"9":2,"10":2},"f":{"0":0,"1":2,"2":2,"3":4},"b":{},"_coverageSchema":"1a1c01bbd47fc00a2c39e90264f33305004495a9","hash":"b353995d4db639a3c59ddca542edccfbfdeffd2e"}
,"C:\\Users\\ASUS\\Desktop\\namestereact\\food\\src\\components\\Shimmer.js": {"path":"C:\\Users\\ASUS\\Desktop\\namestereact\\food\\src\\components\\Shimmer.js","statementMap":{"0":{"start":{"line":1,"column":14},"end":{"line":11,"column":9}},"1":{"start":{"line":2,"column":0},"end":{"line":10,"column":2}},"2":{"start":{"line":7,"column":12},"end":{"line":7,"column":59}}},"fnMap":{"0":{"name":"(anonymous_0)","decl":{"start":{"line":1,"column":14},"end":{"line":1,"column":15}},"loc":{"start":{"line":1,"column":18},"end":{"line":11,"column":9}},"line":1},"1":{"name":"(anonymous_1)","decl":{"start":{"line":6,"column":13},"end":{"line":6,"column":14}},"loc":{"start":{"line":7,"column":12},"end":{"line":7,"column":59}},"line":7}},"branchMap":{},"s":{"0":1,"1":1,"2":10},"f":{"0":1,"1":10},"b":{},"_coverageSchema":"1a1c01bbd47fc00a2c39e90264f33305004495a9","hash":"76194cde2e33425001b5973f53b2d7232ce9bc67"}
,"C:\\Users\\ASUS\\Desktop\\namestereact\\food\\src\\components\\sum.js": {"path":"C:\\Users\\ASUS\\Desktop\\namestereact\\food\\src\\components\\sum.js","statementMap":{"0":{"start":{"line":1,"column":17},"end":{"line":3,"column":1}},"1":{"start":{"line":2,"column":4},"end":{"line":2,"column":14}}},"fnMap":{"0":{"name":"(anonymous_0)","decl":{"start":{"line":1,"column":17},"end":{"line":1,"column":18}},"loc":{"start":{"line":1,"column":25},"end":{"line":3,"column":1}},"line":1}},"branchMap":{},"s":{"0":1,"1":0},"f":{"0":0},"b":{},"_coverageSchema":"1a1c01bbd47fc00a2c39e90264f33305004495a9","hash":"d93c03e85db6650538bdc372c5a147dda1d58453"}
,"C:\\Users\\ASUS\\Desktop\\namestereact\\food\\src\\components\\__test__\\data.js": {"path":"C:\\Users\\ASUS\\Desktop\\namestereact\\food\\src\\components\\__test__\\data.js","statementMap":{},"fnMap":{},"branchMap":{},"s":{},"f":{},"b":{},"_coverageSchema":"1a1c01bbd47fc00a2c39e90264f33305004495a9","hash":"28edd7ddeab3caae56c6af42a6487fe52f0b390c"}
,"C:\\Users\\ASUS\\Desktop\\namestereact\\food\\src\\mocks\\dummylogo.js": {"path":"C:\\Users\\ASUS\\Desktop\\namestereact\\food\\src\\mocks\\dummylogo.js","statementMap":{},"fnMap":{},"branchMap":{},"s":{},"f":{},"b":{},"_coverageSchema":"1a1c01bbd47fc00a2c39e90264f33305004495a9","hash":"645c00ba3e0197fc2e1c25d28531f04c0995bc4b"}
,"C:\\Users\\ASUS\\Desktop\\namestereact\\food\\src\\utilis\\UserContext.js": {"path":"C:\\Users\\ASUS\\Desktop\\namestereact\\food\\src\\utilis\\UserContext.js","statementMap":{},"fnMap":{},"branchMap":{},"s":{},"f":{},"b":{},"_coverageSchema":"1a1c01bbd47fc00a2c39e90264f33305004495a9","hash":"a431846f563b38261084043a9eeaa74fde978f2c"}
,"C:\\Users\\ASUS\\Desktop\\namestereact\\food\\src\\utilis\\appStore.js": {"path":"C:\\Users\\ASUS\\Desktop\\namestereact\\food\\src\\utilis\\appStore.js","statementMap":{"0":{"start":{"line":5,"column":15},"end":{"line":9,"column":2}}},"fnMap":{},"branchMap":{},"s":{"0":1},"f":{},"b":{},"_coverageSchema":"1a1c01bbd47fc00a2c39e90264f33305004495a9","hash":"fd81a222db216ef046b3233d5daf8f242154db3f"}
,"C:\\Users\\ASUS\\Desktop\\namestereact\\food\\src\\utilis\\cartSlice.js": {"path":"C:\\Users\\ASUS\\Desktop\\namestereact\\food\\src\\utilis\\cartSlice.js","statementMap":{"0":{"start":{"line":3,"column":16},"end":{"line":28,"column":2}},"1":{"start":{"line":10,"column":16},"end":{"line":10,"column":49}},"2":{"start":{"line":13,"column":16},"end":{"line":13,"column":33}},"3":{"start":{"line":24,"column":16},"end":{"line":24,"column":34}},"4":{"start":{"line":29,"column":43},"end":{"line":29,"column":60}}},"fnMap":{"0":{"name":"(anonymous_0)","decl":{"start":{"line":9,"column":20},"end":{"line":9,"column":21}},"loc":{"start":{"line":9,"column":36},"end":{"line":11,"column":13}},"line":9},"1":{"name":"(anonymous_1)","decl":{"start":{"line":12,"column":23},"end":{"line":12,"column":24}},"loc":{"start":{"line":12,"column":32},"end":{"line":14,"column":13}},"line":12},"2":{"name":"(anonymous_2)","decl":{"start":{"line":16,"column":22},"end":{"line":16,"column":23}},"loc":{"start":{"line":16,"column":31},"end":{"line":25,"column":13}},"line":16}},"branchMap":{},"s":{"0":2,"1":0,"2":0,"3":0,"4":2},"f":{"0":0,"1":0,"2":0},"b":{},"_coverageSchema":"1a1c01bbd47fc00a2c39e90264f33305004495a9","hash":"19c6e8db1a62d8fe58cdf545f94e14124b46175a"}
,"C:\\Users\\ASUS\\Desktop\\namestereact\\food\\src\\utilis\\helper.js": {"path":"C:\\Users\\ASUS\\Desktop\\namestereact\\food\\src\\utilis\\helper.js","statementMap":{"0":{"start":{"line":3,"column":23},"end":{"line":5,"column":5}},"1":{"start":{"line":3,"column":57},"end":{"line":4,"column":77}},"2":{"start":{"line":6,"column":4},"end":{"line":6,"column":22}}},"fnMap":{"0":{"name":"filterdata","decl":{"start":{"line":1,"column":16},"end":{"line":1,"column":26}},"loc":{"start":{"line":1,"column":51},"end":{"line":8,"column":3}},"line":1},"1":{"name":"(anonymous_1)","decl":{"start":{"line":3,"column":42},"end":{"line":3,"column":43}},"loc":{"start":{"line":3,"column":57},"end":{"line":4,"column":77}},"line":3}},"branchMap":{},"s":{"0":1,"1":0,"2":0},"f":{"0":1,"1":0},"b":{},"_coverageSchema":"1a1c01bbd47fc00a2c39e90264f33305004495a9","hash":"e6ecc6f6972f547711a4686367ee3b2a007391f0"}
,"C:\\Users\\ASUS\\Desktop\\namestereact\\food\\src\\utilis\\loggedUserContext.js": {"path":"C:\\Users\\ASUS\\Desktop\\namestereact\\food\\src\\utilis\\loggedUserContext.js","statementMap":{"0":{"start":{"line":3,"column":18},"end":{"line":6,"column":2}}},"fnMap":{},"branchMap":{},"s":{"0":1},"f":{},"b":{},"_coverageSchema":"1a1c01bbd47fc00a2c39e90264f33305004495a9","hash":"88bcd6be9bf42ddfaeee43c73b2ab93f03a778fb"}
,"C:\\Users\\ASUS\\Desktop\\namestereact\\food\\src\\utilis\\store.js": {"path":"C:\\Users\\ASUS\\Desktop\\namestereact\\food\\src\\utilis\\store.js","statementMap":{"0":{"start":{"line":3,"column":15},"end":{"line":7,"column":2}}},"fnMap":{},"branchMap":{},"s":{"0":1},"f":{},"b":{},"_coverageSchema":"1a1c01bbd47fc00a2c39e90264f33305004495a9","hash":"eba4ab18faed64497875be5e0f28ffd36c58e883"}
,"C:\\Users\\ASUS\\Desktop\\namestereact\\food\\src\\utilis\\useOnline.js": {"path":"C:\\Users\\ASUS\\Desktop\\namestereact\\food\\src\\utilis\\useOnline.js","statementMap":{"0":{"start":{"line":3,"column":16},"end":{"line":26,"column":1}},"1":{"start":{"line":4,"column":33},"end":{"line":4,"column":47}},"2":{"start":{"line":6,"column":4},"end":{"line":23,"column":10}},"3":{"start":{"line":7,"column":28},"end":{"line":9,"column":5}},"4":{"start":{"line":8,"column":8},"end":{"line":8,"column":26}},"5":{"start":{"line":10,"column":25},"end":{"line":12,"column":5}},"6":{"start":{"line":11,"column":8},"end":{"line":11,"column":27}},"7":{"start":{"line":13,"column":4},"end":{"line":13,"column":51}},"8":{"start":{"line":14,"column":4},"end":{"line":14,"column":52}},"9":{"start":{"line":17,"column":5},"end":{"line":22,"column":10}},"10":{"start":{"line":18,"column":8},"end":{"line":18,"column":58}},"11":{"start":{"line":19,"column":8},"end":{"line":19,"column":58}},"12":{"start":{"line":25,"column":4},"end":{"line":25,"column":19}}},"fnMap":{"0":{"name":"(anonymous_0)","decl":{"start":{"line":3,"column":16},"end":{"line":3,"column":17}},"loc":{"start":{"line":3,"column":20},"end":{"line":26,"column":1}},"line":3},"1":{"name":"(anonymous_1)","decl":{"start":{"line":6,"column":14},"end":{"line":6,"column":15}},"loc":{"start":{"line":6,"column":18},"end":{"line":23,"column":5}},"line":6},"2":{"name":"(anonymous_2)","decl":{"start":{"line":7,"column":28},"end":{"line":7,"column":29}},"loc":{"start":{"line":7,"column":32},"end":{"line":9,"column":5}},"line":7},"3":{"name":"(anonymous_3)","decl":{"start":{"line":10,"column":25},"end":{"line":10,"column":26}},"loc":{"start":{"line":10,"column":29},"end":{"line":12,"column":5}},"line":10},"4":{"name":"(anonymous_4)","decl":{"start":{"line":17,"column":12},"end":{"line":17,"column":13}},"loc":{"start":{"line":17,"column":16},"end":{"line":22,"column":9}},"line":17}},"branchMap":{},"s":{"0":2,"1":4,"2":4,"3":3,"4":0,"5":3,"6":0,"7":3,"8":3,"9":3,"10":3,"11":3,"12":4},"f":{"0":4,"1":3,"2":0,"3":0,"4":3},"b":{},"_coverageSchema":"1a1c01bbd47fc00a2c39e90264f33305004495a9","hash":"186fbd2d9c025b202c4733011123b9c4148566be"}
}
