TN:
SF:src\contants.js
FNF:0
FNH:0
DA:1,1
DA:4,1
DA:773,1
LF:3
LH:3
BRF:0
BRH:0
end_of_record
TN:
SF:src\restaurantcard.js
FN:4,(anonymous_0)
FNF:1
FNH:0
FNDA:0,(anonymous_0)
DA:4,1
DA:14,0
DA:16,0
LF:3
LH:1
BRF:0
BRH:0
end_of_record
TN:
SF:src\components\Body.js
FN:11,(anonymous_0)
FN:18,(anonymous_1)
FN:23,getRestaurants
FN:53,(anonymous_3)
FN:58,(anonymous_4)
FN:87,(anonymous_5)
FNF:6
FNH:4
FNDA:2,(anonymous_0)
FNDA:1,(anonymous_1)
FNDA:1,getRestaurants
FNDA:0,(anonymous_3)
FNDA:1,(anonymous_4)
FNDA:0,(anonymous_5)
DA:11,1
DA:12,2
DA:13,2
DA:14,2
DA:18,2
DA:20,1
DA:24,1
DA:27,1
DA:28,1
DA:30,1
DA:31,1
DA:34,2
DA:40,2
DA:42,2
DA:43,0
DA:46,2
DA:54,0
DA:60,1
DA:61,0
DA:89,0
LF:20
LH:16
BRDA:42,0,0,0
BRDA:42,0,1,2
BRDA:46,1,0,1
BRDA:46,1,1,1
BRF:4
BRH:3
end_of_record
TN:
SF:src\components\Header.js
FN:10,(anonymous_0)
FN:14,(anonymous_1)
FN:22,(anonymous_2)
FN:30,(anonymous_3)
FNF:4
FNH:3
FNDA:0,(anonymous_0)
FNDA:2,(anonymous_1)
FNDA:2,(anonymous_2)
FNDA:4,(anonymous_3)
DA:10,1
DA:12,0
DA:14,1
DA:15,2
DA:22,1
DA:23,2
DA:24,2
DA:30,4
DA:31,2
DA:32,2
LF:10
LH:9
BRF:0
BRH:0
end_of_record
TN:
SF:src\components\Shimmer.js
FN:1,(anonymous_0)
FN:6,(anonymous_1)
FNF:2
FNH:2
FNDA:1,(anonymous_0)
FNDA:10,(anonymous_1)
DA:1,1
DA:2,1
DA:7,10
LF:3
LH:3
BRF:0
BRH:0
end_of_record
TN:
SF:src\components\sum.js
FN:1,(anonymous_0)
FNF:1
FNH:0
FNDA:0,(anonymous_0)
DA:1,1
DA:2,0
LF:2
LH:1
BRF:0
BRH:0
end_of_record
TN:
SF:src\components\__test__\data.js
FNF:0
FNH:0
LF:0
LH:0
BRF:0
BRH:0
end_of_record
TN:
SF:src\mocks\dummylogo.js
FNF:0
FNH:0
LF:0
LH:0
BRF:0
BRH:0
end_of_record
TN:
SF:src\utilis\UserContext.js
FNF:0
FNH:0
LF:0
LH:0
BRF:0
BRH:0
end_of_record
TN:
SF:src\utilis\appStore.js
FNF:0
FNH:0
DA:5,1
LF:1
LH:1
BRF:0
BRH:0
end_of_record
TN:
SF:src\utilis\cartSlice.js
FN:9,(anonymous_0)
FN:12,(anonymous_1)
FN:16,(anonymous_2)
FNF:3
FNH:0
FNDA:0,(anonymous_0)
FNDA:0,(anonymous_1)
FNDA:0,(anonymous_2)
DA:3,2
DA:10,0
DA:13,0
DA:24,0
DA:29,2
LF:5
LH:2
BRF:0
BRH:0
end_of_record
TN:
SF:src\utilis\helper.js
FN:1,filterdata
FN:3,(anonymous_1)
FNF:2
FNH:1
FNDA:1,filterdata
FNDA:0,(anonymous_1)
DA:3,1
DA:6,0
LF:2
LH:1
BRF:0
BRH:0
end_of_record
TN:
SF:src\utilis\loggedUserContext.js
FNF:0
FNH:0
DA:3,1
LF:1
LH:1
BRF:0
BRH:0
end_of_record
TN:
SF:src\utilis\store.js
FNF:0
FNH:0
DA:3,1
LF:1
LH:1
BRF:0
BRH:0
end_of_record
TN:
SF:src\utilis\useOnline.js
FN:3,(anonymous_0)
FN:6,(anonymous_1)
FN:7,(anonymous_2)
FN:10,(anonymous_3)
FN:17,(anonymous_4)
FNF:5
FNH:3
FNDA:4,(anonymous_0)
FNDA:3,(anonymous_1)
FNDA:0,(anonymous_2)
FNDA:0,(anonymous_3)
FNDA:3,(anonymous_4)
DA:3,2
DA:4,4
DA:6,4
DA:7,3
DA:8,0
DA:10,3
DA:11,0
DA:13,3
DA:14,3
DA:17,3
DA:18,3
DA:19,3
DA:25,4
LF:13
LH:11
BRF:0
BRH:0
end_of_record
